TN:
SF:src\router.ts
FN:25,(anonymous_0)
FN:38,(anonymous_1)
FNF:2
FNH:2
FNDA:4,(anonymous_0)
FNDA:5,(anonymous_1)
DA:1,2
DA:2,2
DA:3,2
DA:4,2
DA:6,2
DA:10,2
DA:11,2
DA:16,2
DA:25,4
DA:31,2
DA:38,5
DA:45,2
DA:51,2
DA:58,2
LF:14
LH:14
BRF:0
BRH:0
end_of_record
TN:
SF:src\server.ts
FN:9,connectDB
FN:33,(anonymous_2)
FNF:2
FNH:2
FNDA:3,connectDB
FNDA:1,(anonymous_2)
DA:1,2
DA:3,2
DA:4,2
DA:9,2
DA:10,3
DA:11,3
DA:12,2
DA:18,1
DA:23,2
DA:26,2
DA:28,2
DA:31,2
DA:33,2
DA:34,1
DA:37,2
LF:15
LH:15
BRF:0
BRH:0
end_of_record
TN:
SF:src\config\db.ts
FNF:0
FNH:0
DA:1,2
DA:2,2
DA:4,2
DA:6,2
DA:16,2
LF:5
LH:5
BRF:0
BRH:0
end_of_record
TN:
SF:src\handlers\product.ts
FN:5,(anonymous_1)
FN:19,(anonymous_2)
FN:37,(anonymous_3)
FN:60,(anonymous_4)
FN:83,(anonymous_5)
FN:111,(anonymous_6)
FNF:6
FNH:6
FNDA:1,(anonymous_1)
FNDA:2,(anonymous_2)
FNDA:2,(anonymous_3)
FNDA:2,(anonymous_4)
FNDA:2,(anonymous_5)
FNDA:2,(anonymous_6)
DA:3,2
DA:5,2
DA:7,1
DA:8,1
DA:9,1
DA:10,1
DA:12,0
DA:19,2
DA:21,2
DA:22,2
DA:28,2
DA:31,0
DA:37,2
DA:39,2
DA:41,2
DA:43,2
DA:45,2
DA:46,1
DA:51,1
DA:54,0
DA:60,2
DA:61,2
DA:62,2
DA:64,2
DA:66,2
DA:67,1
DA:72,1
DA:73,1
DA:74,1
DA:78,0
DA:83,2
DA:85,2
DA:86,2
DA:88,2
DA:90,2
DA:91,1
DA:98,1
DA:99,1
DA:102,1
DA:106,0
DA:111,2
DA:112,2
DA:114,2
DA:116,2
DA:117,1
DA:122,1
DA:124,1
LF:47
LH:42
BRDA:45,0,0,1
BRDA:66,1,0,1
BRDA:90,2,0,1
BRDA:116,3,0,1
BRF:4
BRH:4
end_of_record
TN:
SF:src\middleware\index.ts
FN:4,(anonymous_0)
FNF:1
FNH:1
FNDA:17,(anonymous_0)
DA:2,2
DA:4,2
DA:6,17
DA:8,17
DA:10,8
DA:13,9
LF:6
LH:6
BRDA:8,0,0,8
BRF:1
BRH:1
end_of_record
TN:
SF:src\models\Product.model.ts
FNF:0
FNH:0
DA:1,3
DA:7,3
DA:11,3
DA:16,3
DA:22,3
DA:25,3
LF:6
LH:6
BRF:0
BRH:0
end_of_record
